2022-7-23 1:49:23 - ERROR: ERROR TAMAÑO CODIGO
2022-7-23 1:49:46 - ERROR: ERROR FORMATO CODIGO
2022-7-23 3:27:22 - ERROR: FALTA EL CODIGO O NOMBRE
2022-7-23 3:28:41 - ERROR: FALTA EL CODIGO O NOMBRE
2022-7-23 3:33:55 - ERROR: FORMATO DISPONIBILIDAD CON ERRORES
2022-7-23 3:37:7 - ERROR: ERROR EN EL FORMATO DE DIAS Y HORARIOS
2022-7-23 3:45:51 - ERROR: ERROR EN EL FORMATO DE DIAS Y HORARIOS
2022-7-23 3:46:19 - ERROR: ERROR EN EL FORMATO DE DIAS Y HORARIOS
2022-7-23 3:46:35 - ERROR: ERROR TAMAÑO CODIGO
2022-7-23 3:46:35 - ERROR: ERROR EN EL FORMATO DE DIAS Y HORARIOS
2022-7-23 3:47:21 - ERROR: ERROR TAMAÑO CODIGO
2022-7-23 3:47:39 - ERROR: ERROR FORMATO CODIGO
2022-7-23 12:23:1 - ERROR: ERROR FORMATO CODIGO
2022-7-23 12:23:24 - ERROR: ERROR FORMATO CODIGO
2022-7-23 15:15:37 - ERROR: ERROR FORMATO CODIGO
2022-7-23 15:44:19 - ERROR: ERROR FORMATO CODIGO
2022-7-23 19:26:48 - ERROR: ERROR FORMATO CODIGO
2022-7-23 19:28:5 - ERROR: ERROR FORMATO CODIGO
2022-7-23 19:29:3 - ERROR: ERROR FORMATO CODIGO
2022-7-24 0:5:31 - ERROR: ERROR FORMATO CODIGO
2022-7-24 0:27:16 - ERROR: ERROR FORMATO CODIGO
2022-7-24 1:18:56 - ERROR: ERROR FORMATO CODIGO
2022-7-24 1:42:1 - ERROR: ERROR FORMATO CODIGO
2022-7-24 2:6:4 - ERROR: ERROR FORMATO CODIGO
2022-7-24 2:6:41 - ERROR: ERROR FORMATO CODIGO
2022-7-24 2:37:16 - ERROR: ERROR FORMATO CODIGO
2022-7-24 2:46:41 - ERROR: ERROR FORMATO CODIGO
